Determining if the pthread_create exist failed with the following output:
Change Dir: /media/gonzalo/Archivos/Universidad/Codigo/Enigma/enigma_ws/build/CMakeFiles/CMakeTmp

Run Build Command:"/usr/bin/make" "cmTC_81978/fast"
/usr/bin/make -f CMakeFiles/cmTC_81978.dir/build.make CMakeFiles/cmTC_81978.dir/build
make[1]: Entering directory '/media/gonzalo/Archivos/Universidad/Codigo/Enigma/enigma_ws/build/CMakeFiles/CMakeTmp'
Building C object CMakeFiles/cmTC_81978.dir/CheckSymbolExists.c.o
/usr/bin/cc     -o CMakeFiles/cmTC_81978.dir/CheckSymbolExists.c.o   -c /media/gonzalo/Archivos/Universidad/Codigo/Enigma/enigma_ws/build/CMakeFiles/CMakeTmp/CheckSymbolExists.c
Linking C executable cmTC_81978
/usr/bin/cmake -E cmake_link_script CMakeFiles/cmTC_81978.dir/link.txt --verbose=1
/usr/bin/cc       CMakeFiles/cmTC_81978.dir/CheckSymbolExists.c.o  -o cmTC_81978 -rdynamic 
CMakeFiles/cmTC_81978.dir/CheckSymbolExists.c.o: In function `main':
CheckSymbolExists.c:(.text+0x16): undefined reference to `pthread_create'
collect2: error: ld returned 1 exit status
CMakeFiles/cmTC_81978.dir/build.make:97: recipe for target 'cmTC_81978' failed
make[1]: *** [cmTC_81978] Error 1
make[1]: Leaving directory '/media/gonzalo/Archivos/Universidad/Codigo/Enigma/enigma_ws/build/CMakeFiles/CMakeTmp'
Makefile:126: recipe for target 'cmTC_81978/fast' failed
make: *** [cmTC_81978/fast] Error 2

File /media/gonzalo/Archivos/Universidad/Codigo/Enigma/enigma_ws/build/CMakeFiles/CMakeTmp/CheckSymbolExists.c:
/* */
#include <pthread.h>

int main(int argc, char** argv)
{
  (void)argv;
#ifndef pthread_create
  return ((int*)(&pthread_create))[argc];
#else
  (void)argc;
  return 0;
#endif
}

Determining if the function pthread_create exists in the pthreads failed with the following output:
Change Dir: /media/gonzalo/Archivos/Universidad/Codigo/Enigma/enigma_ws/build/CMakeFiles/CMakeTmp

Run Build Command:"/usr/bin/make" "cmTC_ee7ef/fast"
/usr/bin/make -f CMakeFiles/cmTC_ee7ef.dir/build.make CMakeFiles/cmTC_ee7ef.dir/build
make[1]: Entering directory '/media/gonzalo/Archivos/Universidad/Codigo/Enigma/enigma_ws/build/CMakeFiles/CMakeTmp'
Building C object CMakeFiles/cmTC_ee7ef.dir/CheckFunctionExists.c.o
/usr/bin/cc    -DCHECK_FUNCTION_EXISTS=pthread_create   -o CMakeFiles/cmTC_ee7ef.dir/CheckFunctionExists.c.o   -c /usr/share/cmake-3.5/Modules/CheckFunctionExists.c
Linking C executable cmTC_ee7ef
/usr/bin/cmake -E cmake_link_script CMakeFiles/cmTC_ee7ef.dir/link.txt --verbose=1
/usr/bin/cc   -DCHECK_FUNCTION_EXISTS=pthread_create    CMakeFiles/cmTC_ee7ef.dir/CheckFunctionExists.c.o  -o cmTC_ee7ef -rdynamic -lpthreads 
/usr/bin/ld: cannot find -lpthreads
collect2: error: ld returned 1 exit status
CMakeFiles/cmTC_ee7ef.dir/build.make:97: recipe for target 'cmTC_ee7ef' failed
make[1]: *** [cmTC_ee7ef] Error 1
make[1]: Leaving directory '/media/gonzalo/Archivos/Universidad/Codigo/Enigma/enigma_ws/build/CMakeFiles/CMakeTmp'
Makefile:126: recipe for target 'cmTC_ee7ef/fast' failed
make: *** [cmTC_ee7ef/fast] Error 2


